<?xml version="1.0" encoding="UTF-8"?>
<!-- Generated by org.testng.reporters.JUnitXMLReporter -->
<testsuite ignored="2" hostname="AsusVivobook" failures="0" tests="4" name="Test" time="29.456" errors="0" timestamp="2024-09-02T19:46:17 IST">
  <testcase classname="testcases.verifyRegistration" name="verifyRegistrationWithBlankData" time="5.313"/>
  <testcase classname="testcases.verifyRegistration" name="verifyRegistrationWithValidData" time="2.834"/>
  <testcase classname="testcases.verifyLogin" name="verifyLoginWithInValidData" time="1.415"/>
  <testcase classname="testcases.verifyLogin" name="verifyLoginWithValidData" time="2.821"/>
  <testcase classname="resources.Baseclass" name="@BeforeSuite extentManager" time="0.0">
    <ignored/>
  </testcase> <!-- @BeforeSuite extentManager -->
  <testcase classname="resources.Baseclass" name="@AfterSuite endReport" time="0.0">
    <ignored/>
  </testcase> <!-- @AfterSuite endReport -->
</testsuite> <!-- Test -->
