<?xml version="1.0" encoding="UTF-8"?>
<testng-results ignored="2" total="6" passed="4" failed="0" skipped="0">
  <reporter-output>
  </reporter-output>
  <suite started-at="2024-09-02T19:45:48 IST" name="Suite" finished-at="2024-09-02T19:46:17 IST" duration-ms="29456">
    <groups>
    </groups>
    <test started-at="2024-09-02T19:45:48 IST" name="Test" finished-at="2024-09-02T19:46:17 IST" duration-ms="29456">
      <class name="testcases.verifyRegistration">
        <test-method is-config="true" signature="extentManager()[pri:0, instance:testcases.verifyRegistration@6379eb]" started-at="2024-09-02T19:45:47 IST" name="extentManager" finished-at="2024-09-02T19:45:48 IST" duration-ms="297" status="PASS">
          <reporter-output>
          </reporter-output>
        </test-method> <!-- extentManager -->
        <test-method is-config="true" signature="launchBrowserAndOpenURl()[pri:0, instance:testcases.verifyRegistration@6379eb]" started-at="2024-09-02T19:45:48 IST" name="launchBrowserAndOpenURl" finished-at="2024-09-02T19:45:50 IST" duration-ms="2919" status="PASS">
          <reporter-output>
          </reporter-output>
        </test-method> <!-- launchBrowserAndOpenURl -->
        <test-method signature="verifyRegistrationWithBlankData()[pri:0, instance:testcases.verifyRegistration@6379eb]" started-at="2024-09-02T19:45:50 IST" name="verifyRegistrationWithBlankData" finished-at="2024-09-02T19:45:56 IST" duration-ms="5313" status="PASS">
          <reporter-output>
          </reporter-output>
        </test-method> <!-- verifyRegistrationWithBlankData -->
        <test-method is-config="true" signature="closeBrowser()[pri:0, instance:testcases.verifyRegistration@6379eb]" started-at="2024-09-02T19:45:56 IST" name="closeBrowser" finished-at="2024-09-02T19:45:56 IST" duration-ms="256" status="PASS">
          <reporter-output>
          </reporter-output>
        </test-method> <!-- closeBrowser -->
        <test-method is-config="true" signature="launchBrowserAndOpenURl()[pri:0, instance:testcases.verifyRegistration@6379eb]" started-at="2024-09-02T19:45:56 IST" name="launchBrowserAndOpenURl" finished-at="2024-09-02T19:46:01 IST" duration-ms="4610" status="PASS">
          <reporter-output>
          </reporter-output>
        </test-method> <!-- launchBrowserAndOpenURl -->
        <test-method signature="verifyRegistrationWithValidData()[pri:0, instance:testcases.verifyRegistration@6379eb]" started-at="2024-09-02T19:46:01 IST" name="verifyRegistrationWithValidData" finished-at="2024-09-02T19:46:04 IST" duration-ms="2834" status="PASS">
          <reporter-output>
          </reporter-output>
        </test-method> <!-- verifyRegistrationWithValidData -->
        <test-method is-config="true" signature="closeBrowser()[pri:0, instance:testcases.verifyRegistration@6379eb]" started-at="2024-09-02T19:46:04 IST" name="closeBrowser" finished-at="2024-09-02T19:46:04 IST" duration-ms="238" status="PASS">
          <reporter-output>
          </reporter-output>
        </test-method> <!-- closeBrowser -->
        <test-method is-config="true" signature="endReport()[pri:0, instance:testcases.verifyRegistration@6379eb]" started-at="2024-09-02T19:46:17 IST" name="endReport" finished-at="2024-09-02T19:46:17 IST" duration-ms="378" status="PASS">
          <reporter-output>
          </reporter-output>
        </test-method> <!-- endReport -->
      </class> <!-- testcases.verifyRegistration -->
      <class name="testcases.verifyLogin">
        <test-method is-config="true" signature="launchBrowserAndOpenURl()[pri:0, instance:testcases.verifyLogin@5b239d7d]" started-at="2024-09-02T19:46:04 IST" name="launchBrowserAndOpenURl" finished-at="2024-09-02T19:46:08 IST" duration-ms="4301" status="PASS">
          <reporter-output>
          </reporter-output>
        </test-method> <!-- launchBrowserAndOpenURl -->
        <test-method signature="verifyLoginWithInValidData()[pri:0, instance:testcases.verifyLogin@5b239d7d]" started-at="2024-09-02T19:46:08 IST" name="verifyLoginWithInValidData" finished-at="2024-09-02T19:46:09 IST" duration-ms="1415" status="PASS">
          <reporter-output>
          </reporter-output>
        </test-method> <!-- verifyLoginWithInValidData -->
        <test-method is-config="true" signature="closeBrowser()[pri:0, instance:testcases.verifyLogin@5b239d7d]" started-at="2024-09-02T19:46:09 IST" name="closeBrowser" finished-at="2024-09-02T19:46:10 IST" duration-ms="224" status="PASS">
          <reporter-output>
          </reporter-output>
        </test-method> <!-- closeBrowser -->
        <test-method is-config="true" signature="launchBrowserAndOpenURl()[pri:0, instance:testcases.verifyLogin@5b239d7d]" started-at="2024-09-02T19:46:10 IST" name="launchBrowserAndOpenURl" finished-at="2024-09-02T19:46:14 IST" duration-ms="4255" status="PASS">
          <reporter-output>
          </reporter-output>
        </test-method> <!-- launchBrowserAndOpenURl -->
        <test-method signature="verifyLoginWithValidData()[pri:0, instance:testcases.verifyLogin@5b239d7d]" started-at="2024-09-02T19:46:14 IST" name="verifyLoginWithValidData" finished-at="2024-09-02T19:46:17 IST" duration-ms="2821" status="PASS">
          <reporter-output>
          </reporter-output>
        </test-method> <!-- verifyLoginWithValidData -->
        <test-method is-config="true" signature="closeBrowser()[pri:0, instance:testcases.verifyLogin@5b239d7d]" started-at="2024-09-02T19:46:17 IST" name="closeBrowser" finished-at="2024-09-02T19:46:17 IST" duration-ms="225" status="PASS">
          <reporter-output>
          </reporter-output>
        </test-method> <!-- closeBrowser -->
      </class> <!-- testcases.verifyLogin -->
    </test> <!-- Test -->
  </suite> <!-- Suite -->
</testng-results>
